# JRE version: OpenJDK Runtime Environment Temurin-17.0.11+9 (17.0.11+9) (build 17.0.11+9)
# Java VM: OpenJDK 64-Bit Server VM Temurin-17.0.11+9 (17.0.11+9, mixed mode, tiered, compressed oops, compressed class ptrs, parallel gc, windows-amd64)
GC Precious Log:
 CPUs: 4 total, 4 available
 Memory: 7975M
 Large Page Support: Disabled
 NUMA Support: Disabled
 Compressed Oops: Enabled (32-bit)
 Alignments: Space 512K, Generation 512K, Heap 2M
 Heap Min Capacity: 100M
 Heap Initial Capacity: 100M
 Heap Max Capacity: 1G
 Pre-touch: Disabled
 Parallel Workers: 4
Heap:
 PSYoungGen      total 24576K, used 17753K [0x00000000eab00000, 0x00000000ec980000, 0x0000000100000000)
  eden space 21504K, 68% used [0x00000000eab00000,0x00000000eb9718a0,0x00000000ec000000)
  from space 3072K, 96% used [0x00000000ec680000,0x00000000ec964e78,0x00000000ec980000)
  to   space 4096K, 0% used [0x00000000ec180000,0x00000000ec180000,0x00000000ec580000)
 ParOldGen       total 68608K, used 37148K [0x00000000c0000000, 0x00000000c4300000, 0x00000000eab00000)
  object space 68608K, 54% used [0x00000000c0000000,0x00000000c24472d8,0x00000000c4300000)
 Metaspace       used 55784K, committed 56832K, reserved 1114112K
  class space    used 5979K, committed 6464K, reserved 1048576K
GC Heap History (20 events):
Event: 8.144 GC heap before
{Heap before GC invocations=19 (full 2):
 PSYoungGen      total 23040K, used 22848K [0x00000000eab00000, 0x00000000ec700000, 0x0000000100000000)
  eden space 22016K, 100% used [0x00000000eab00000,0x00000000ec080000,0x00000000ec080000)
  from space 1024K, 81% used [0x00000000ec600000,0x00000000ec6d0000,0x00000000ec700000)
  to   space 1024K, 0% used [0x00000000ec500000,0x00000000ec500000,0x00000000ec600000)
 ParOldGen       total 68608K, used 18089K [0x00000000c0000000, 0x00000000c4300000, 0x00000000eab00000)
  object space 68608K, 26% used [0x00000000c0000000,0x00000000c11aa480,0x00000000c4300000)
 Metaspace       used 49596K, committed 50432K, reserved 1114112K
  class space    used 5312K, committed 5632K, reserved 1048576K
}
Event: 8.147 GC heap after
{Heap after GC invocations=19 (full 2):
 PSYoungGen      total 23040K, used 997K [0x00000000eab00000, 0x00000000ec680000, 0x0000000100000000)
  eden space 22016K, 0% used [0x00000000eab00000,0x00000000eab00000,0x00000000ec080000)
  from space 1024K, 97% used [0x00000000ec500000,0x00000000ec5f97e0,0x00000000ec600000)
  to   space 512K, 0% used [0x00000000ec600000,0x00000000ec600000,0x00000000ec680000)
 ParOldGen       total 68608K, used 19167K [0x00000000c0000000, 0x00000000c4300000, 0x00000000eab00000)
  object space 68608K, 27% used [0x00000000c0000000,0x00000000c12b7c40,0x00000000c4300000)
 Metaspace       used 49596K, committed 50432K, reserved 1114112K
  class space    used 5312K, committed 5632K, reserved 1048576K
}
Event: 8.534 GC heap before
{Heap before GC invocations=20 (full 2):
 PSYoungGen      total 23040K, used 23013K [0x00000000eab00000, 0x00000000ec680000, 0x0000000100000000)
  eden space 22016K, 100% used [0x00000000eab00000,0x00000000ec080000,0x00000000ec080000)
  from space 1024K, 97% used [0x00000000ec500000,0x00000000ec5f97e0,0x00000000ec600000)
  to   space 512K, 0% used [0x00000000ec600000,0x00000000ec600000,0x00000000ec680000)
 ParOldGen       total 68608K, used 19167K [0x00000000c0000000, 0x00000000c4300000, 0x00000000eab00000)
  object space 68608K, 27% used [0x00000000c0000000,0x00000000c12b7c40,0x00000000c4300000)
 Metaspace       used 52122K, committed 53184K, reserved 1114112K
  class space    used 5601K, committed 6080K, reserved 1048576K
}
Event: 8.537 GC heap after
{Heap after GC invocations=20 (full 2):
 PSYoungGen      total 22528K, used 503K [0x00000000eab00000, 0x00000000ec780000, 0x0000000100000000)
  eden space 22016K, 0% used [0x00000000eab00000,0x00000000eab00000,0x00000000ec080000)
  from space 512K, 98% used [0x00000000ec600000,0x00000000ec67dee0,0x00000000ec680000)
  to   space 3584K, 0% used [0x00000000ec080000,0x00000000ec080000,0x00000000ec400000)
 ParOldGen       total 68608K, used 21821K [0x00000000c0000000, 0x00000000c4300000, 0x00000000eab00000)
  object space 68608K, 31% used [0x00000000c0000000,0x00000000c154f6b0,0x00000000c4300000)
 Metaspace       used 52122K, committed 53184K, reserved 1114112K
  class space    used 5601K, committed 6080K, reserved 1048576K
}
Event: 9.157 GC heap before
{Heap before GC invocations=21 (full 2):
 PSYoungGen      total 22528K, used 22519K [0x00000000eab00000, 0x00000000ec780000, 0x0000000100000000)
  eden space 22016K, 100% used [0x00000000eab00000,0x00000000ec080000,0x00000000ec080000)
  from space 512K, 98% used [0x00000000ec600000,0x00000000ec67dee0,0x00000000ec680000)
  to   space 3584K, 0% used [0x00000000ec080000,0x00000000ec080000,0x00000000ec400000)
 ParOldGen       total 68608K, used 21821K [0x00000000c0000000, 0x00000000c4300000, 0x00000000eab00000)
  object space 68608K, 31% used [0x00000000c0000000,0x00000000c154f6b0,0x00000000c4300000)
 Metaspace       used 52764K, committed 53760K, reserved 1114112K
  class space    used 5671K, committed 6144K, reserved 1048576K
}
Event: 9.159 GC heap after
{Heap after GC invocations=21 (full 2):
 PSYoungGen      total 25600K, used 1760K [0x00000000eab00000, 0x00000000ec680000, 0x0000000100000000)
  eden space 22016K, 0% used [0x00000000eab00000,0x00000000eab00000,0x00000000ec080000)
  from space 3584K, 49% used [0x00000000ec080000,0x00000000ec238040,0x00000000ec400000)
  to   space 2560K, 0% used [0x00000000ec400000,0x00000000ec400000,0x00000000ec680000)
 ParOldGen       total 68608K, used 22336K [0x00000000c0000000, 0x00000000c4300000, 0x00000000eab00000)
  object space 68608K, 32% used [0x00000000c0000000,0x00000000c15d03b8,0x00000000c4300000)
 Metaspace       used 52764K, committed 53760K, reserved 1114112K
  class space    used 5671K, committed 6144K, reserved 1048576K
}
Event: 9.564 GC heap before
{Heap before GC invocations=22 (full 2):
 PSYoungGen      total 25600K, used 23776K [0x00000000eab00000, 0x00000000ec680000, 0x0000000100000000)
  eden space 22016K, 100% used [0x00000000eab00000,0x00000000ec080000,0x00000000ec080000)
  from space 3584K, 49% used [0x00000000ec080000,0x00000000ec238040,0x00000000ec400000)
  to   space 2560K, 0% used [0x00000000ec400000,0x00000000ec400000,0x00000000ec680000)
 ParOldGen       total 68608K, used 22336K [0x00000000c0000000, 0x00000000c4300000, 0x00000000eab00000)
  object space 68608K, 32% used [0x00000000c0000000,0x00000000c15d03b8,0x00000000c4300000)
 Metaspace       used 52966K, committed 53952K, reserved 1114112K
  class space    used 5690K, committed 6144K, reserved 1048576K
}
Event: 9.567 GC heap after
{Heap after GC invocations=22 (full 2):
 PSYoungGen      total 24064K, used 1856K [0x00000000eab00000, 0x00000000ec600000, 0x0000000100000000)
  eden space 22016K, 0% used [0x00000000eab00000,0x00000000eab00000,0x00000000ec080000)
  from space 2048K, 90% used [0x00000000ec400000,0x00000000ec5d0010,0x00000000ec600000)
  to   space 2048K, 0% used [0x00000000ec200000,0x00000000ec200000,0x00000000ec400000)
 ParOldGen       total 68608K, used 24008K [0x00000000c0000000, 0x00000000c4300000, 0x00000000eab00000)
  object space 68608K, 34% used [0x00000000c0000000,0x00000000c17723f8,0x00000000c4300000)
 Metaspace       used 52966K, committed 53952K, reserved 1114112K
  class space    used 5690K, committed 6144K, reserved 1048576K
}
Event: 9.767 GC heap before
{Heap before GC invocations=23 (full 2):
 PSYoungGen      total 24064K, used 23872K [0x00000000eab00000, 0x00000000ec600000, 0x0000000100000000)
  eden space 22016K, 100% used [0x00000000eab00000,0x00000000ec080000,0x00000000ec080000)
  from space 2048K, 90% used [0x00000000ec400000,0x00000000ec5d0010,0x00000000ec600000)
  to   space 2048K, 0% used [0x00000000ec200000,0x00000000ec200000,0x00000000ec400000)
 ParOldGen       total 68608K, used 24008K [0x00000000c0000000, 0x00000000c4300000, 0x00000000eab00000)
  object space 68608K, 34% used [0x00000000c0000000,0x00000000c17723f8,0x00000000c4300000)
 Metaspace       used 53032K, committed 54016K, reserved 1114112K
  class space    used 5701K, committed 6144K, reserved 1048576K
}
Event: 9.770 GC heap after
{Heap after GC invocations=23 (full 2):
 PSYoungGen      total 24064K, used 1952K [0x00000000eab00000, 0x00000000ec480000, 0x0000000100000000)
  eden space 22016K, 0% used [0x00000000eab00000,0x00000000eab00000,0x00000000ec080000)
  from space 2048K, 95% used [0x00000000ec200000,0x00000000ec3e8010,0x00000000ec400000)
  to   space 512K, 0% used [0x00000000ec400000,0x00000000ec400000,0x00000000ec480000)
 ParOldGen       total 68608K, used 25736K [0x00000000c0000000, 0x00000000c4300000, 0x00000000eab00000)
  object space 68608K, 37% used [0x00000000c0000000,0x00000000c19223f8,0x00000000c4300000)
 Metaspace       used 53032K, committed 54016K, reserved 1114112K
  class space    used 5701K, committed 6144K, reserved 1048576K
}
Event: 9.890 GC heap before
{Heap before GC invocations=24 (full 2):
 PSYoungGen      total 24064K, used 23968K [0x00000000eab00000, 0x00000000ec480000, 0x0000000100000000)
  eden space 22016K, 100% used [0x00000000eab00000,0x00000000ec080000,0x00000000ec080000)
  from space 2048K, 95% used [0x00000000ec200000,0x00000000ec3e8010,0x00000000ec400000)
  to   space 512K, 0% used [0x00000000ec400000,0x00000000ec400000,0x00000000ec480000)
 ParOldGen       total 68608K, used 25736K [0x00000000c0000000, 0x00000000c4300000, 0x00000000eab00000)
  object space 68608K, 37% used [0x00000000c0000000,0x00000000c19223f8,0x00000000c4300000)
 Metaspace       used 53032K, committed 54016K, reserved 1114112K
  class space    used 5701K, committed 6144K, reserved 1048576K
}
Event: 9.894 GC heap after
{Heap after GC invocations=24 (full 2):
 PSYoungGen      total 22016K, used 512K [0x00000000eab00000, 0x00000000ec880000, 0x0000000100000000)
  eden space 21504K, 0% used [0x00000000eab00000,0x00000000eab00000,0x00000000ec000000)
  from space 512K, 100% used [0x00000000ec400000,0x00000000ec480000,0x00000000ec480000)
  to   space 4096K, 0% used [0x00000000ec000000,0x00000000ec000000,0x00000000ec400000)
 ParOldGen       total 68608K, used 29000K [0x00000000c0000000, 0x00000000c4300000, 0x00000000eab00000)
  object space 68608K, 42% used [0x00000000c0000000,0x00000000c1c521c0,0x00000000c4300000)
 Metaspace       used 53032K, committed 54016K, reserved 1114112K
  class space    used 5701K, committed 6144K, reserved 1048576K
}
Event: 10.027 GC heap before
{Heap before GC invocations=25 (full 2):
 PSYoungGen      total 22016K, used 22016K [0x00000000eab00000, 0x00000000ec880000, 0x0000000100000000)
  eden space 21504K, 100% used [0x00000000eab00000,0x00000000ec000000,0x00000000ec000000)
  from space 512K, 100% used [0x00000000ec400000,0x00000000ec480000,0x00000000ec480000)
  to   space 4096K, 0% used [0x00000000ec000000,0x00000000ec000000,0x00000000ec400000)
 ParOldGen       total 68608K, used 29000K [0x00000000c0000000, 0x00000000c4300000, 0x00000000eab00000)
  object space 68608K, 42% used [0x00000000c0000000,0x00000000c1c521c0,0x00000000c4300000)
 Metaspace       used 53137K, committed 54144K, reserved 1114112K
  class space    used 5709K, committed 6144K, reserved 1048576K
}
Event: 10.030 GC heap after
{Heap after GC invocations=25 (full 2):
 PSYoungGen      total 24064K, used 2208K [0x00000000eab00000, 0x00000000ec600000, 0x0000000100000000)
  eden space 21504K, 0% used [0x00000000eab00000,0x00000000eab00000,0x00000000ec000000)
  from space 2560K, 86% used [0x00000000ec000000,0x00000000ec228030,0x00000000ec280000)
  to   space 3072K, 0% used [0x00000000ec300000,0x00000000ec300000,0x00000000ec600000)
 ParOldGen       total 68608K, used 29528K [0x00000000c0000000, 0x00000000c4300000, 0x00000000eab00000)
  object space 68608K, 43% used [0x00000000c0000000,0x00000000c1cd61c0,0x00000000c4300000)
 Metaspace       used 53137K, committed 54144K, reserved 1114112K
  class space    used 5709K, committed 6144K, reserved 1048576K
}
Event: 10.118 GC heap before
{Heap before GC invocations=26 (full 2):
 PSYoungGen      total 24064K, used 23712K [0x00000000eab00000, 0x00000000ec600000, 0x0000000100000000)
  eden space 21504K, 100% used [0x00000000eab00000,0x00000000ec000000,0x00000000ec000000)
  from space 2560K, 86% used [0x00000000ec000000,0x00000000ec228030,0x00000000ec280000)
  to   space 3072K, 0% used [0x00000000ec300000,0x00000000ec300000,0x00000000ec600000)
 ParOldGen       total 68608K, used 29528K [0x00000000c0000000, 0x00000000c4300000, 0x00000000eab00000)
  object space 68608K, 43% used [0x00000000c0000000,0x00000000c1cd61c0,0x00000000c4300000)
 Metaspace       used 53143K, committed 54144K, reserved 1114112K
  class space    used 5709K, committed 6144K, reserved 1048576K
}
Event: 10.122 GC heap after
{Heap after GC invocations=26 (full 2):
 PSYoungGen      total 23552K, used 1760K [0x00000000eab00000, 0x00000000ec500000, 0x0000000100000000)
  eden space 21504K, 0% used [0x00000000eab00000,0x00000000eab00000,0x00000000ec000000)
  from space 2048K, 85% used [0x00000000ec300000,0x00000000ec4b8000,0x00000000ec500000)
  to   space 2048K, 0% used [0x00000000ec100000,0x00000000ec100000,0x00000000ec300000)
 ParOldGen       total 68608K, used 31694K [0x00000000c0000000, 0x00000000c4300000, 0x00000000eab00000)
  object space 68608K, 46% used [0x00000000c0000000,0x00000000c1ef3a70,0x00000000c4300000)
 Metaspace       used 53143K, committed 54144K, reserved 1114112K
  class space    used 5709K, committed 6144K, reserved 1048576K
}
Event: 10.403 GC heap before
{Heap before GC invocations=27 (full 2):
 PSYoungGen      total 23552K, used 23264K [0x00000000eab00000, 0x00000000ec500000, 0x0000000100000000)
  eden space 21504K, 100% used [0x00000000eab00000,0x00000000ec000000,0x00000000ec000000)
  from space 2048K, 85% used [0x00000000ec300000,0x00000000ec4b8000,0x00000000ec500000)
  to   space 2048K, 0% used [0x00000000ec100000,0x00000000ec100000,0x00000000ec300000)
 ParOldGen       total 68608K, used 31694K [0x00000000c0000000, 0x00000000c4300000, 0x00000000eab00000)
  object space 68608K, 46% used [0x00000000c0000000,0x00000000c1ef3a70,0x00000000c4300000)
 Metaspace       used 53686K, committed 54720K, reserved 1114112K
  class space    used 5745K, committed 6208K, reserved 1048576K
}
Event: 10.410 GC heap after
{Heap after GC invocations=27 (full 2):
 PSYoungGen      total 23552K, used 2020K [0x00000000eab00000, 0x00000000ecd00000, 0x0000000100000000)
  eden space 21504K, 0% used [0x00000000eab00000,0x00000000eab00000,0x00000000ec000000)
  from space 2048K, 98% used [0x00000000ec100000,0x00000000ec2f9000,0x00000000ec300000)
  to   space 6656K, 0% used [0x00000000ec680000,0x00000000ec680000,0x00000000ecd00000)
 ParOldGen       total 68608K, used 35512K [0x00000000c0000000, 0x00000000c4300000, 0x00000000eab00000)
  object space 68608K, 51% used [0x00000000c0000000,0x00000000c22ae2d8,0x00000000c4300000)
 Metaspace       used 53686K, committed 54720K, reserved 1114112K
  class space    used 5745K, committed 6208K, reserved 1048576K
}
Event: 11.240 GC heap before
{Heap before GC invocations=28 (full 2):
 PSYoungGen      total 23552K, used 23524K [0x00000000eab00000, 0x00000000ecd00000, 0x0000000100000000)
  eden space 21504K, 100% used [0x00000000eab00000,0x00000000ec000000,0x00000000ec000000)
  from space 2048K, 98% used [0x00000000ec100000,0x00000000ec2f9000,0x00000000ec300000)
  to   space 6656K, 0% used [0x00000000ec680000,0x00000000ec680000,0x00000000ecd00000)
 ParOldGen       total 68608K, used 35512K [0x00000000c0000000, 0x00000000c4300000, 0x00000000eab00000)
  object space 68608K, 51% used [0x00000000c0000000,0x00000000c22ae2d8,0x00000000c4300000)
 Metaspace       used 55758K, committed 56832K, reserved 1114112K
  class space    used 5979K, committed 6464K, reserved 1048576K
}
Event: 11.245 GC heap after
{Heap after GC invocations=28 (full 2):
 PSYoungGen      total 24576K, used 2963K [0x00000000eab00000, 0x00000000ec980000, 0x0000000100000000)
  eden space 21504K, 0% used [0x00000000eab00000,0x00000000eab00000,0x00000000ec000000)
  from space 3072K, 96% used [0x00000000ec680000,0x00000000ec964e78,0x00000000ec980000)
  to   space 4096K, 0% used [0x00000000ec180000,0x00000000ec180000,0x00000000ec580000)
 ParOldGen       total 68608K, used 37148K [0x00000000c0000000, 0x00000000c4300000, 0x00000000eab00000)
  object space 68608K, 54% used [0x00000000c0000000,0x00000000c24472d8,0x00000000c4300000)
 Metaspace       used 55758K, committed 56832K, reserved 1114112K
  class space    used 5979K, committed 6464K, reserved 1048576K
}

